----------------------------------------
Timestamp : 8/3/2014 12:12:36 AM

Title     : An error has occurred while processing your request. Please contact your system administrator for help.

Message   : An internal error has occurred and has been logged. Please contact your system administrator for help.

Exception: System.NullReferenceException: Object reference not set to an instance of an object.
   at smART.Library.GenericLibrary`2.GetSingleByCriteria(Expression`1 predicate, String[] includePredicate) in d:\Rsmart\Rsmart-SY-Project\smART.MVC.Library\GenericLibrary.cs:line 428
Method Name: GetSingleByCriteria
Line No.: 428

Category  : Library

Priority  : 3

Severity  : Error


----------------------------------------
----------------------------------------
Timestamp : 8/3/2014 12:12:36 AM

Title     : An error has occurred while processing your request. Please contact your system administrator for help.

Message   : An internal error has occurred and has been logged. Please contact your system administrator for help.

Exception: smART.Library.LibraryException: An error has occurred while processing your request. Please contact your system administrator for help. ---> System.NullReferenceException: Object reference not set to an instance of an object.
   at smART.Library.GenericLibrary`2.GetSingleByCriteria(Expression`1 predicate, String[] includePredicate) in d:\Rsmart\Rsmart-SY-Project\smART.MVC.Library\GenericLibrary.cs:line 428
   --- End of inner exception stack trace ---
   at Microsoft.Practices.EnterpriseLibrary.ExceptionHandling.ExceptionPolicyEntry.IntentionalRethrow(Exception chainException, Exception originalException) in e:\Builds\EntLib\Latest\Source\Blocks\ExceptionHandling\Src\ExceptionHandling\ExceptionPolicyEntry.cs:line 102
   at Microsoft.Practices.EnterpriseLibrary.ExceptionHandling.ExceptionPolicyEntry.RethrowRecommended(Exception chainException, Exception originalException) in e:\Builds\EntLib\Latest\Source\Blocks\ExceptionHandling\Src\ExceptionHandling\ExceptionPolicyEntry.cs:line 118
   at Microsoft.Practices.EnterpriseLibrary.ExceptionHandling.ExceptionPolicyEntry.Handle(Exception exceptionToHandle) in e:\Builds\EntLib\Latest\Source\Blocks\ExceptionHandling\Src\ExceptionHandling\ExceptionPolicyEntry.cs:line 91
   at Microsoft.Practices.EnterpriseLibrary.ExceptionHandling.ExceptionPolicyImpl.HandleException(Exception exceptionToHandle) in e:\Builds\EntLib\Latest\Source\Blocks\ExceptionHandling\Src\ExceptionHandling\ExceptionPolicyImpl.cs:line 84
   at smART.Common.PolicyHandler.Handle(String policyName, Exception& ex) in d:\Rsmart\Rsmart-SY-Project\smART.Common\Exception\ExceptionHandlers\ExceptionPolicyHandler.cs:line 75
   at smART.Common.ExceptionHandler.HandleException(Exception& ex, TraceEventType severity, String message, String policyName) in d:\Rsmart\Rsmart-SY-Project\smART.Common\Exception\ExceptionHandlers\OldExceptionHandler.cs:line 26
   at smART.Library.LibraryExceptionHandler.HandleException(Exception& ex, TraceEventType severity, String message) in d:\Rsmart\Rsmart-SY-Project\smART.MVC.Library\Exception\LibraryExceptionHandler.cs:line 27
   at smART.Library.GenericLibrary`2.GetSingleByCriteria(Expression`1 predicate, String[] includePredicate) in d:\Rsmart\Rsmart-SY-Project\smART.MVC.Library\GenericLibrary.cs:line 443
   at smART.Library.GenericLibrary`2.GetByID(String id, String[] includePredicate) in d:\Rsmart\Rsmart-SY-Project\smART.MVC.Library\GenericLibrary.cs:line 339
Method Name: GetByID
Line No.: 339

Category  : Library

Priority  : 3

Severity  : Error


----------------------------------------
----------------------------------------
Timestamp : 8/3/2014 12:13:52 AM

Title     : An error has occurred while processing your request. Please contact your system administrator for help.

Message   : An internal error has occurred and has been logged. Please contact your system administrator for help.

Exception: System.NullReferenceException: Object reference not set to an instance of an object.
   at smART.Library.GenericLibrary`2.GetSingleByCriteria(Expression`1 predicate, String[] includePredicate) in d:\Rsmart\Rsmart-SY-Project\smART.MVC.Library\GenericLibrary.cs:line 428
Method Name: GetSingleByCriteria
Line No.: 428

Category  : Library

Priority  : 3

Severity  : Error


----------------------------------------
----------------------------------------
Timestamp : 8/3/2014 12:14:23 AM

Title     : An error has occurred while processing your request. Please contact your system administrator for help.

Message   : An internal error has occurred and has been logged. Please contact your system administrator for help.

Exception: System.NullReferenceException: Object reference not set to an instance of an object.
   at smART.Library.GenericLibrary`2.GetSingleByCriteria(Expression`1 predicate, String[] includePredicate) in d:\Rsmart\Rsmart-SY-Project\smART.MVC.Library\GenericLibrary.cs:line 428
Method Name: GetSingleByCriteria
Line No.: 428

Category  : Library

Priority  : 3

Severity  : Error


----------------------------------------
----------------------------------------
Timestamp : 8/3/2014 12:15:55 AM

Title     : An error has occurred while processing your request. Please contact your system administrator for help.

Message   : An internal error has occurred and has been logged. Please contact your system administrator for help.

Exception: System.NullReferenceException: Object reference not set to an instance of an object.
   at smART.Library.GenericLibrary`2.GetSingleByCriteria(Expression`1 predicate, String[] includePredicate) in d:\Rsmart\Rsmart-SY-Project\smART.MVC.Library\GenericLibrary.cs:line 428
Method Name: GetSingleByCriteria
Line No.: 428

Category  : Library

Priority  : 3

Severity  : Error


----------------------------------------
----------------------------------------
Timestamp : 8/3/2014 1:35:38 AM

Title     : An error has occurred while processing your request. Please contact your system administrator for help.

Message   : An internal error has occurred and has been logged. Please contact your system administrator for help.

Exception: System.NullReferenceException: Object reference not set to an instance of an object.
   at smART.MVC.Library.BusinessRules.BusinessRuleEngine.InvokeMethod(String classType, String methodName, Object businessEntity, Object modelEntity, Object dbContext) in d:\Rsmart\Rsmart-SY-Project\smART.MVC.Library\BusinessRules\BusinessRuleEngine.cs:line 29
   at smART.Library.GenericLibrary`2.Deleted(TEntityBusiness businessEntity, TEntityModel modelEntity, DbContext dbContext) in d:\Rsmart\Rsmart-SY-Project\smART.MVC.Library\GenericLibrary.cs:line 155
   at smART.Library.GenericLibrary`2.Delete(Expression`1 predicate, String[] includePredicate) in d:\Rsmart\Rsmart-SY-Project\smART.MVC.Library\GenericLibrary.cs:line 489
Method Name: Delete
Line No.: 489

Category  : Library

Priority  : 3

Severity  : Error


----------------------------------------
----------------------------------------
Timestamp : 8/3/2014 1:36:52 AM

Title     : An error has occurred while processing your request. Please contact your system administrator for help.

Message   : An internal error has occurred and has been logged. Please contact your system administrator for help.

Exception: System.NullReferenceException: Object reference not set to an instance of an object.
   at smART.MVC.Library.BusinessRules.BusinessRuleEngine.InvokeMethod(String classType, String methodName, Object businessEntity, Object modelEntity, Object dbContext) in d:\Rsmart\Rsmart-SY-Project\smART.MVC.Library\BusinessRules\BusinessRuleEngine.cs:line 29
   at smART.Library.GenericLibrary`2.Deleted(TEntityBusiness businessEntity, TEntityModel modelEntity, DbContext dbContext) in d:\Rsmart\Rsmart-SY-Project\smART.MVC.Library\GenericLibrary.cs:line 155
   at smART.Library.GenericLibrary`2.Delete(Expression`1 predicate, String[] includePredicate) in d:\Rsmart\Rsmart-SY-Project\smART.MVC.Library\GenericLibrary.cs:line 489
Method Name: Delete
Line No.: 489

Category  : Library

Priority  : 3

Severity  : Error


----------------------------------------
