----------------------------------------
Timestamp : 6/8/2014 11:28:22 PM

Title     : An error has occurred while processing your request. Please contact your system administrator for help.

Message   : An internal error has occurred and has been logged. Please contact your system administrator for help.

Exception: System.Data.ConstraintException: The 'MaxTicket_ID' property on 'DeviceSettings' could not be set to a 'null' value. You must set this property to a non-null value of type 'Int32'. 
   at System.Data.Common.Internal.Materialization.Shaper.ErrorHandlingValueReader`1.GetValue(DbDataReader reader, Int32 ordinal)
   at System.Data.Common.Internal.Materialization.Shaper.GetPropertyValueWithErrorHandling[TProperty](Int32 ordinal, String propertyName, String typeName)
   at lambda_method(Closure , Shaper )
   at System.Data.Common.Internal.Materialization.Shaper.HandleEntityAppendOnly[TEntity](Func`2 constructEntityDelegate, EntityKey entityKey, EntitySet entitySet)
   at lambda_method(Closure , Shaper )
   at System.Data.Common.Internal.Materialization.Coordinator`1.ReadNextElement(Shaper shaper)
   at System.Data.Common.Internal.Materialization.Shaper`1.SimpleEnumerator.MoveNext()
   at System.Linq.Enumerable.SingleOrDefault[TSource](IEnumerable`1 source)
   at System.Data.Objects.ELinq.ObjectQueryProvider.<GetElementFunction>b__2[TResult](IEnumerable`1 sequence)
   at System.Data.Objects.ELinq.ObjectQueryProvider.ExecuteSingle[TResult](IEnumerable`1 query, Expression queryRoot)
   at System.Data.Objects.ELinq.ObjectQueryProvider.System.Linq.IQueryProvider.Execute[S](Expression expression)
   at System.Data.Entity.Internal.Linq.DbQueryProvider.Execute[TResult](Expression expression)
   at System.Linq.Queryable.SingleOrDefault[TSource](IQueryable`1 source, Expression`1 predicate)
   at smART.Library.GenericLibrary`2.GetSingleByCriteria(Expression`1 predicate, String[] includePredicate) in d:\Rsmart\Rsmart-SY-Project\smART.MVC.Library\GenericLibrary.cs:line 434
Method Name: GetSingleByCriteria
Line No.: 434

Category  : Library

Priority  : 3

Severity  : Error


----------------------------------------
----------------------------------------
Timestamp : 6/8/2014 11:28:28 PM

Title     : An error has occurred while processing your request. Please contact your system administrator for help.

Message   : An internal error has occurred and has been logged. Please contact your system administrator for help.

Exception: smART.Library.LibraryException: An error has occurred while processing your request. Please contact your system administrator for help. ---> System.Data.ConstraintException: The 'MaxTicket_ID' property on 'DeviceSettings' could not be set to a 'null' value. You must set this property to a non-null value of type 'Int32'. 
   at System.Data.Common.Internal.Materialization.Shaper.ErrorHandlingValueReader`1.GetValue(DbDataReader reader, Int32 ordinal)
   at System.Data.Common.Internal.Materialization.Shaper.GetPropertyValueWithErrorHandling[TProperty](Int32 ordinal, String propertyName, String typeName)
   at lambda_method(Closure , Shaper )
   at System.Data.Common.Internal.Materialization.Shaper.HandleEntityAppendOnly[TEntity](Func`2 constructEntityDelegate, EntityKey entityKey, EntitySet entitySet)
   at lambda_method(Closure , Shaper )
   at System.Data.Common.Internal.Materialization.Coordinator`1.ReadNextElement(Shaper shaper)
   at System.Data.Common.Internal.Materialization.Shaper`1.SimpleEnumerator.MoveNext()
   at System.Linq.Enumerable.SingleOrDefault[TSource](IEnumerable`1 source)
   at System.Data.Objects.ELinq.ObjectQueryProvider.<GetElementFunction>b__2[TResult](IEnumerable`1 sequence)
   at System.Data.Objects.ELinq.ObjectQueryProvider.ExecuteSingle[TResult](IEnumerable`1 query, Expression queryRoot)
   at System.Data.Objects.ELinq.ObjectQueryProvider.System.Linq.IQueryProvider.Execute[S](Expression expression)
   at System.Data.Entity.Internal.Linq.DbQueryProvider.Execute[TResult](Expression expression)
   at System.Linq.Queryable.SingleOrDefault[TSource](IQueryable`1 source, Expression`1 predicate)
   at smART.Library.GenericLibrary`2.GetSingleByCriteria(Expression`1 predicate, String[] includePredicate) in d:\Rsmart\Rsmart-SY-Project\smART.MVC.Library\GenericLibrary.cs:line 434
   --- End of inner exception stack trace ---
   at Microsoft.Practices.EnterpriseLibrary.ExceptionHandling.ExceptionPolicyEntry.IntentionalRethrow(Exception chainException, Exception originalException) in e:\Builds\EntLib\Latest\Source\Blocks\ExceptionHandling\Src\ExceptionHandling\ExceptionPolicyEntry.cs:line 102
   at Microsoft.Practices.EnterpriseLibrary.ExceptionHandling.ExceptionPolicyEntry.RethrowRecommended(Exception chainException, Exception originalException) in e:\Builds\EntLib\Latest\Source\Blocks\ExceptionHandling\Src\ExceptionHandling\ExceptionPolicyEntry.cs:line 118
   at Microsoft.Practices.EnterpriseLibrary.ExceptionHandling.ExceptionPolicyEntry.Handle(Exception exceptionToHandle) in e:\Builds\EntLib\Latest\Source\Blocks\ExceptionHandling\Src\ExceptionHandling\ExceptionPolicyEntry.cs:line 91
   at Microsoft.Practices.EnterpriseLibrary.ExceptionHandling.ExceptionPolicyImpl.HandleException(Exception exceptionToHandle) in e:\Builds\EntLib\Latest\Source\Blocks\ExceptionHandling\Src\ExceptionHandling\ExceptionPolicyImpl.cs:line 84
   at smART.Common.PolicyHandler.Handle(String policyName, Exception& ex) in d:\Rsmart\Rsmart-SY-Project\smART.Common\Exception\ExceptionHandlers\ExceptionPolicyHandler.cs:line 75
   at smART.Common.ExceptionHandler.HandleException(Exception& ex, TraceEventType severity, String message, String policyName) in d:\Rsmart\Rsmart-SY-Project\smART.Common\Exception\ExceptionHandlers\OldExceptionHandler.cs:line 26
   at smART.Library.LibraryExceptionHandler.HandleException(Exception& ex, TraceEventType severity, String message) in d:\Rsmart\Rsmart-SY-Project\smART.MVC.Library\Exception\LibraryExceptionHandler.cs:line 27
   at smART.Library.GenericLibrary`2.GetSingleByCriteria(Expression`1 predicate, String[] includePredicate) in d:\Rsmart\Rsmart-SY-Project\smART.MVC.Library\GenericLibrary.cs:line 443
   at smART.Library.GenericLibrary`2.GetSingleByExpression(Expression`1 predicate, String[] includePredicate) in d:\Rsmart\Rsmart-SY-Project\smART.MVC.Library\GenericLibrary.cs:line 374
Method Name: GetSingleByExpression
Line No.: 374

Category  : Library

Priority  : 3

Severity  : Error


----------------------------------------
