----------------------------------------
Timestamp : 8/9/2014 2:42:03 PM

Title     : An error has occurred while processing your request. Please contact your system administrator for help.

Message   : An internal error has occurred and has been logged. Please contact your system administrator for help.

Exception: smART.Common.DuplicateException: Similar transaction already exists. Please click on search button and fetch existing record.
   at smART.Library.GenericLibrary`2.ValidateUniqueEntity(TEntityModel modelEntity, TEntityBusiness businessEntity) in d:\Rsmart\Rsmart-SY-Project\smART.MVC.Library\GenericLibrary.cs:line 180
   at smART.Library.GenericLibrary`2.Modifying(TEntityBusiness businessEntity, TEntityModel modelEntity, DbContext dbContext) in d:\Rsmart\Rsmart-SY-Project\smART.MVC.Library\GenericLibrary.cs:line 103
Method Name: Modifying
Line No.: 103

Category  : Library

Priority  : 3

Severity  : Error


----------------------------------------
----------------------------------------
Timestamp : 8/9/2014 2:42:04 PM

Title     : An error has occurred while processing your request. Please contact your system administrator for help.

Message   : An internal error has occurred and has been logged. Please contact your system administrator for help.

Exception: smART.Library.LibraryException: An error has occurred while processing your request. Please contact your system administrator for help. ---> smART.Common.DuplicateException: Similar transaction already exists. Please click on search button and fetch existing record.
   at smART.Library.GenericLibrary`2.ValidateUniqueEntity(TEntityModel modelEntity, TEntityBusiness businessEntity) in d:\Rsmart\Rsmart-SY-Project\smART.MVC.Library\GenericLibrary.cs:line 180
   at smART.Library.GenericLibrary`2.Modifying(TEntityBusiness businessEntity, TEntityModel modelEntity, DbContext dbContext) in d:\Rsmart\Rsmart-SY-Project\smART.MVC.Library\GenericLibrary.cs:line 103
   --- End of inner exception stack trace ---
   at Microsoft.Practices.EnterpriseLibrary.ExceptionHandling.ExceptionPolicyEntry.IntentionalRethrow(Exception chainException, Exception originalException) in e:\Builds\EntLib\Latest\Source\Blocks\ExceptionHandling\Src\ExceptionHandling\ExceptionPolicyEntry.cs:line 102
   at Microsoft.Practices.EnterpriseLibrary.ExceptionHandling.ExceptionPolicyEntry.RethrowRecommended(Exception chainException, Exception originalException) in e:\Builds\EntLib\Latest\Source\Blocks\ExceptionHandling\Src\ExceptionHandling\ExceptionPolicyEntry.cs:line 118
   at Microsoft.Practices.EnterpriseLibrary.ExceptionHandling.ExceptionPolicyEntry.Handle(Exception exceptionToHandle) in e:\Builds\EntLib\Latest\Source\Blocks\ExceptionHandling\Src\ExceptionHandling\ExceptionPolicyEntry.cs:line 91
   at Microsoft.Practices.EnterpriseLibrary.ExceptionHandling.ExceptionPolicyImpl.HandleException(Exception exceptionToHandle) in e:\Builds\EntLib\Latest\Source\Blocks\ExceptionHandling\Src\ExceptionHandling\ExceptionPolicyImpl.cs:line 84
   at smART.Common.PolicyHandler.Handle(String policyName, Exception& ex) in d:\Rsmart\Rsmart-SY-Project\smART.Common\Exception\ExceptionHandlers\ExceptionPolicyHandler.cs:line 75
   at smART.Common.ExceptionHandler.HandleException(Exception& ex, TraceEventType severity, String message, String policyName) in d:\Rsmart\Rsmart-SY-Project\smART.Common\Exception\ExceptionHandlers\OldExceptionHandler.cs:line 26
   at smART.Library.LibraryExceptionHandler.HandleException(Exception& ex, TraceEventType severity, String message) in d:\Rsmart\Rsmart-SY-Project\smART.MVC.Library\Exception\LibraryExceptionHandler.cs:line 27
   at smART.Library.GenericLibrary`2.Modifying(TEntityBusiness businessEntity, TEntityModel modelEntity, DbContext dbContext) in d:\Rsmart\Rsmart-SY-Project\smART.MVC.Library\GenericLibrary.cs:line 116
   at smART.Library.GenericLibrary`2.Modify(Expression`1 predicate, TEntityBusiness modObject, String[] includePredicate) in d:\Rsmart\Rsmart-SY-Project\smART.MVC.Library\GenericLibrary.cs:line 454
Method Name: Modify
Line No.: 454

Category  : Library

Priority  : 3

Severity  : Error

User Id  : admin
Transaction Type  : Party
Transaction Id  : 4

----------------------------------------
----------------------------------------
Timestamp : 8/9/2014 2:42:04 PM

Title     : An error has occurred while processing your request. Please contact your system administrator for help.

Message   : An internal error has occurred and has been logged. Please contact your system administrator for help.

Exception: smART.Library.LibraryException: An error has occurred while processing your request. Please contact your system administrator for help. ---> smART.Library.LibraryException: An error has occurred while processing your request. Please contact your system administrator for help. ---> smART.Common.DuplicateException: Similar transaction already exists. Please click on search button and fetch existing record.
   at smART.Library.GenericLibrary`2.ValidateUniqueEntity(TEntityModel modelEntity, TEntityBusiness businessEntity) in d:\Rsmart\Rsmart-SY-Project\smART.MVC.Library\GenericLibrary.cs:line 180
   at smART.Library.GenericLibrary`2.Modifying(TEntityBusiness businessEntity, TEntityModel modelEntity, DbContext dbContext) in d:\Rsmart\Rsmart-SY-Project\smART.MVC.Library\GenericLibrary.cs:line 103
   --- End of inner exception stack trace ---
   at Microsoft.Practices.EnterpriseLibrary.ExceptionHandling.ExceptionPolicyEntry.IntentionalRethrow(Exception chainException, Exception originalException) in e:\Builds\EntLib\Latest\Source\Blocks\ExceptionHandling\Src\ExceptionHandling\ExceptionPolicyEntry.cs:line 102
   at Microsoft.Practices.EnterpriseLibrary.ExceptionHandling.ExceptionPolicyEntry.RethrowRecommended(Exception chainException, Exception originalException) in e:\Builds\EntLib\Latest\Source\Blocks\ExceptionHandling\Src\ExceptionHandling\ExceptionPolicyEntry.cs:line 118
   at Microsoft.Practices.EnterpriseLibrary.ExceptionHandling.ExceptionPolicyEntry.Handle(Exception exceptionToHandle) in e:\Builds\EntLib\Latest\Source\Blocks\ExceptionHandling\Src\ExceptionHandling\ExceptionPolicyEntry.cs:line 91
   at Microsoft.Practices.EnterpriseLibrary.ExceptionHandling.ExceptionPolicyImpl.HandleException(Exception exceptionToHandle) in e:\Builds\EntLib\Latest\Source\Blocks\ExceptionHandling\Src\ExceptionHandling\ExceptionPolicyImpl.cs:line 84
   at smART.Common.PolicyHandler.Handle(String policyName, Exception& ex) in d:\Rsmart\Rsmart-SY-Project\smART.Common\Exception\ExceptionHandlers\ExceptionPolicyHandler.cs:line 75
   at smART.Common.ExceptionHandler.HandleException(Exception& ex, TraceEventType severity, String message, String policyName) in d:\Rsmart\Rsmart-SY-Project\smART.Common\Exception\ExceptionHandlers\OldExceptionHandler.cs:line 26
   at smART.Library.LibraryExceptionHandler.HandleException(Exception& ex, TraceEventType severity, String message) in d:\Rsmart\Rsmart-SY-Project\smART.MVC.Library\Exception\LibraryExceptionHandler.cs:line 27
   at smART.Library.GenericLibrary`2.Modifying(TEntityBusiness businessEntity, TEntityModel modelEntity, DbContext dbContext) in d:\Rsmart\Rsmart-SY-Project\smART.MVC.Library\GenericLibrary.cs:line 116
   at smART.Library.GenericLibrary`2.Modify(Expression`1 predicate, TEntityBusiness modObject, String[] includePredicate) in d:\Rsmart\Rsmart-SY-Project\smART.MVC.Library\GenericLibrary.cs:line 454
   --- End of inner exception stack trace ---
   at Microsoft.Practices.EnterpriseLibrary.ExceptionHandling.ExceptionPolicyEntry.IntentionalRethrow(Exception chainException, Exception originalException) in e:\Builds\EntLib\Latest\Source\Blocks\ExceptionHandling\Src\ExceptionHandling\ExceptionPolicyEntry.cs:line 102
   at Microsoft.Practices.EnterpriseLibrary.ExceptionHandling.ExceptionPolicyEntry.RethrowRecommended(Exception chainException, Exception originalException) in e:\Builds\EntLib\Latest\Source\Blocks\ExceptionHandling\Src\ExceptionHandling\ExceptionPolicyEntry.cs:line 118
   at Microsoft.Practices.EnterpriseLibrary.ExceptionHandling.ExceptionPolicyEntry.Handle(Exception exceptionToHandle) in e:\Builds\EntLib\Latest\Source\Blocks\ExceptionHandling\Src\ExceptionHandling\ExceptionPolicyEntry.cs:line 91
   at Microsoft.Practices.EnterpriseLibrary.ExceptionHandling.ExceptionPolicyImpl.HandleException(Exception exceptionToHandle) in e:\Builds\EntLib\Latest\Source\Blocks\ExceptionHandling\Src\ExceptionHandling\ExceptionPolicyImpl.cs:line 84
   at smART.Common.PolicyHandler.Handle(String policyName, Exception& ex) in d:\Rsmart\Rsmart-SY-Project\smART.Common\Exception\ExceptionHandlers\ExceptionPolicyHandler.cs:line 75
   at smART.Common.ExceptionHandler.HandleException(Exception& ex, TraceEventType severity, String message, String policyName) in d:\Rsmart\Rsmart-SY-Project\smART.Common\Exception\ExceptionHandlers\OldExceptionHandler.cs:line 26
   at smART.Library.LibraryExceptionHandler.HandleException(Exception& ex, String userId, String transType, String transId, TraceEventType severity, String message) in d:\Rsmart\Rsmart-SY-Project\smART.MVC.Library\Exception\LibraryExceptionHandler.cs:line 41
   at smART.Library.GenericLibrary`2.Modify(Expression`1 predicate, TEntityBusiness modObject, String[] includePredicate) in d:\Rsmart\Rsmart-SY-Project\smART.MVC.Library\GenericLibrary.cs:line 462
   at smART.Library.GenericLibrary`2.Modify(TEntityBusiness modObject, String[] includePredicate) in d:\Rsmart\Rsmart-SY-Project\smART.MVC.Library\GenericLibrary.cs:line 410
Method Name: Modify
Line No.: 410

Category  : Library

Priority  : 3

Severity  : Error

User Id  : admin
Transaction Type  : Party
Transaction Id  : 4

----------------------------------------
