----------------------------------------
Timestamp : 8/1/2014 11:45:02 PM

Title     : An error has occurred while processing your request. Please contact your system administrator for help.

Message   : An internal error has occurred and has been logged. Please contact your system administrator for help.

Exception: AutoMapper.AutoMapperMappingException: Trying to map System.Collections.Generic.IEnumerable`1[[smART.Model.Party, smART.Model, Version=1.0.0.0, Culture=neutral, PublicKeyToken=null]] to System.Collections.Generic.IEnumerable`1[[smART.ViewModel.Party, smART.MVC.ViewModel, Version=1.0.0.0, Culture=neutral, PublicKeyToken=null]].
Exception of type 'AutoMapper.AutoMapperMappingException' was thrown. ---> System.Data.EntityCommandExecutionException: An error occurred while executing the command definition. See the inner exception for details. ---> System.Data.SqlClient.SqlException: Invalid column name 'ThumbImage1RefId'.
Invalid column name 'ThumbImage2RefId'.
Invalid column name 'PhotoRefId'.
   at System.Data.SqlClient.SqlConnection.OnError(SqlException exception, Boolean breakConnection, Action`1 wrapCloseInAction)
   at System.Data.SqlClient.SqlInternalConnection.OnError(SqlException exception, Boolean breakConnection, Action`1 wrapCloseInAction)
   at System.Data.SqlClient.TdsParser.ThrowExceptionAndWarning(TdsParserStateObject stateObj, Boolean callerHasConnectionLock, Boolean asyncClose)
   at System.Data.SqlClient.TdsParser.TryRun(RunBehavior runBehavior, SqlCommand cmdHandler, SqlDataReader dataStream, BulkCopySimpleResultSet bulkCopyHandler, TdsParserStateObject stateObj, Boolean& dataReady)
   at System.Data.SqlClient.SqlDataReader.TryConsumeMetaData()
   at System.Data.SqlClient.SqlDataReader.get_MetaData()
   at System.Data.SqlClient.SqlCommand.FinishExecuteReader(SqlDataReader ds, RunBehavior runBehavior, String resetOptionsString)
   at System.Data.SqlClient.SqlCommand.RunExecuteReaderTds(CommandBehavior cmdBehavior, RunBehavior runBehavior, Boolean returnStream, Boolean async, Int32 timeout, Task& task, Boolean asyncWrite, SqlDataReader ds)
   at System.Data.SqlClient.SqlCommand.RunExecuteReader(CommandBehavior cmdBehavior, RunBehavior runBehavior, Boolean returnStream, String method, TaskCompletionSource`1 completion, Int32 timeout, Task& task, Boolean asyncWrite)
   at System.Data.SqlClient.SqlCommand.RunExecuteReader(CommandBehavior cmdBehavior, RunBehavior runBehavior, Boolean returnStream, String method)
   at System.Data.SqlClient.SqlCommand.ExecuteReader(CommandBehavior behavior, String method)
   at System.Data.SqlClient.SqlCommand.ExecuteDbDataReader(CommandBehavior behavior)
   at System.Data.Common.DbCommand.ExecuteReader(CommandBehavior behavior)
   at System.Data.EntityClient.EntityCommandDefinition.ExecuteStoreCommands(EntityCommand entityCommand, CommandBehavior behavior)
   --- End of inner exception stack trace ---
   at System.Data.EntityClient.EntityCommandDefinition.ExecuteStoreCommands(EntityCommand entityCommand, CommandBehavior behavior)
   at System.Data.Objects.Internal.ObjectQueryExecutionPlan.Execute[TResultType](ObjectContext context, ObjectParameterCollection parameterValues)
   at System.Data.Objects.ObjectQuery`1.GetResults(Nullable`1 forMergeOption)
   at System.Data.Objects.ObjectQuery`1.System.Collections.Generic.IEnumerable<T>.GetEnumerator()
   at System.Data.Entity.Internal.Linq.InternalQuery`1.GetEnumerator()
   at System.Data.Entity.Infrastructure.DbQuery`1.System.Collections.Generic.IEnumerable<TResult>.GetEnumerator()
   at System.Collections.Generic.List`1..ctor(IEnumerable`1 collection)
   at System.Linq.Enumerable.ToList[TSource](IEnumerable`1 source)
   at AutoMapper.Mappers.EnumerableMapperBase`1.Map(ResolutionContext context, IMappingEngineRunner mapper)
   at AutoMapper.MappingEngine.AutoMapper.IMappingEngineRunner.Map(ResolutionContext context)
   --- End of inner exception stack trace ---
   at AutoMapper.MappingEngine.AutoMapper.IMappingEngineRunner.Map(ResolutionContext context)
   at AutoMapper.MappingEngine.Map(Object source, Type sourceType, Type destinationType, Action`1 opts)
   at AutoMapper.MappingEngine.Map[TSource,TDestination](TSource source)
   at AutoMapper.Mapper.Map[TSource,TDestination](TSource source)
   at smART.Library.GenericLibrary`2.Map(IEnumerable`1 dbEntities) in d:\Rsmart\Rsmart-SY-Project\smART.MVC.Library\GenericLibrary.cs:line 243
Method Name: Map
Line No.: 243

Category  : Library

Priority  : 3

Severity  : Error


----------------------------------------
----------------------------------------
Timestamp : 8/1/2014 11:49:19 PM

Title     : An error has occurred while processing your request. Please contact your system administrator for help.

Message   : An internal error has occurred and has been logged. Please contact your system administrator for help.

Exception: AutoMapper.AutoMapperMappingException: Trying to map System.Collections.Generic.IEnumerable`1[[smART.Model.Party, smART.Model, Version=1.0.0.0, Culture=neutral, PublicKeyToken=null]] to System.Collections.Generic.IEnumerable`1[[smART.ViewModel.Party, smART.MVC.ViewModel, Version=1.0.0.0, Culture=neutral, PublicKeyToken=null]].
Exception of type 'AutoMapper.AutoMapperMappingException' was thrown. ---> System.Data.EntityCommandExecutionException: An error occurred while executing the command definition. See the inner exception for details. ---> System.Data.SqlClient.SqlException: Invalid column name 'ThumbImage1RefId'.
Invalid column name 'ThumbImage2RefId'.
Invalid column name 'PhotoRefId'.
   at System.Data.SqlClient.SqlConnection.OnError(SqlException exception, Boolean breakConnection, Action`1 wrapCloseInAction)
   at System.Data.SqlClient.SqlInternalConnection.OnError(SqlException exception, Boolean breakConnection, Action`1 wrapCloseInAction)
   at System.Data.SqlClient.TdsParser.ThrowExceptionAndWarning(TdsParserStateObject stateObj, Boolean callerHasConnectionLock, Boolean asyncClose)
   at System.Data.SqlClient.TdsParser.TryRun(RunBehavior runBehavior, SqlCommand cmdHandler, SqlDataReader dataStream, BulkCopySimpleResultSet bulkCopyHandler, TdsParserStateObject stateObj, Boolean& dataReady)
   at System.Data.SqlClient.SqlDataReader.TryConsumeMetaData()
   at System.Data.SqlClient.SqlDataReader.get_MetaData()
   at System.Data.SqlClient.SqlCommand.FinishExecuteReader(SqlDataReader ds, RunBehavior runBehavior, String resetOptionsString)
   at System.Data.SqlClient.SqlCommand.RunExecuteReaderTds(CommandBehavior cmdBehavior, RunBehavior runBehavior, Boolean returnStream, Boolean async, Int32 timeout, Task& task, Boolean asyncWrite, SqlDataReader ds)
   at System.Data.SqlClient.SqlCommand.RunExecuteReader(CommandBehavior cmdBehavior, RunBehavior runBehavior, Boolean returnStream, String method, TaskCompletionSource`1 completion, Int32 timeout, Task& task, Boolean asyncWrite)
   at System.Data.SqlClient.SqlCommand.RunExecuteReader(CommandBehavior cmdBehavior, RunBehavior runBehavior, Boolean returnStream, String method)
   at System.Data.SqlClient.SqlCommand.ExecuteReader(CommandBehavior behavior, String method)
   at System.Data.SqlClient.SqlCommand.ExecuteDbDataReader(CommandBehavior behavior)
   at System.Data.Common.DbCommand.ExecuteReader(CommandBehavior behavior)
   at System.Data.EntityClient.EntityCommandDefinition.ExecuteStoreCommands(EntityCommand entityCommand, CommandBehavior behavior)
   --- End of inner exception stack trace ---
   at System.Data.EntityClient.EntityCommandDefinition.ExecuteStoreCommands(EntityCommand entityCommand, CommandBehavior behavior)
   at System.Data.Objects.Internal.ObjectQueryExecutionPlan.Execute[TResultType](ObjectContext context, ObjectParameterCollection parameterValues)
   at System.Data.Objects.ObjectQuery`1.GetResults(Nullable`1 forMergeOption)
   at System.Data.Objects.ObjectQuery`1.System.Collections.Generic.IEnumerable<T>.GetEnumerator()
   at System.Data.Entity.Internal.Linq.InternalQuery`1.GetEnumerator()
   at System.Data.Entity.Infrastructure.DbQuery`1.System.Collections.Generic.IEnumerable<TResult>.GetEnumerator()
   at System.Collections.Generic.List`1..ctor(IEnumerable`1 collection)
   at System.Linq.Enumerable.ToList[TSource](IEnumerable`1 source)
   at AutoMapper.Mappers.EnumerableMapperBase`1.Map(ResolutionContext context, IMappingEngineRunner mapper)
   at AutoMapper.MappingEngine.AutoMapper.IMappingEngineRunner.Map(ResolutionContext context)
   --- End of inner exception stack trace ---
   at AutoMapper.MappingEngine.AutoMapper.IMappingEngineRunner.Map(ResolutionContext context)
   at AutoMapper.MappingEngine.Map(Object source, Type sourceType, Type destinationType, Action`1 opts)
   at AutoMapper.MappingEngine.Map[TSource,TDestination](TSource source)
   at AutoMapper.Mapper.Map[TSource,TDestination](TSource source)
   at smART.Library.GenericLibrary`2.Map(IEnumerable`1 dbEntities) in d:\Rsmart\Rsmart-SY-Project\smART.MVC.Library\GenericLibrary.cs:line 243
Method Name: Map
Line No.: 243

Category  : Library

Priority  : 3

Severity  : Error


----------------------------------------
----------------------------------------
Timestamp : 8/2/2014 12:05:39 AM

Title     : An error has occurred while processing your request. Please contact your system administrator for help.

Message   : An internal error has occurred and has been logged. Please contact your system administrator for help.

Exception: AutoMapper.AutoMapperMappingException: Trying to map System.Collections.Generic.IEnumerable`1[[smART.Model.Party, smART.Model, Version=1.0.0.0, Culture=neutral, PublicKeyToken=null]] to System.Collections.Generic.IEnumerable`1[[smART.ViewModel.Party, smART.MVC.ViewModel, Version=1.0.0.0, Culture=neutral, PublicKeyToken=null]].
Exception of type 'AutoMapper.AutoMapperMappingException' was thrown. ---> System.Data.EntityCommandExecutionException: An error occurred while executing the command definition. See the inner exception for details. ---> System.Data.SqlClient.SqlException: Invalid column name 'ThumbImage1RefId'.
Invalid column name 'ThumbImage2RefId'.
Invalid column name 'PhotoRefId'.
   at System.Data.SqlClient.SqlConnection.OnError(SqlException exception, Boolean breakConnection, Action`1 wrapCloseInAction)
   at System.Data.SqlClient.SqlInternalConnection.OnError(SqlException exception, Boolean breakConnection, Action`1 wrapCloseInAction)
   at System.Data.SqlClient.TdsParser.ThrowExceptionAndWarning(TdsParserStateObject stateObj, Boolean callerHasConnectionLock, Boolean asyncClose)
   at System.Data.SqlClient.TdsParser.TryRun(RunBehavior runBehavior, SqlCommand cmdHandler, SqlDataReader dataStream, BulkCopySimpleResultSet bulkCopyHandler, TdsParserStateObject stateObj, Boolean& dataReady)
   at System.Data.SqlClient.SqlDataReader.TryConsumeMetaData()
   at System.Data.SqlClient.SqlDataReader.get_MetaData()
   at System.Data.SqlClient.SqlCommand.FinishExecuteReader(SqlDataReader ds, RunBehavior runBehavior, String resetOptionsString)
   at System.Data.SqlClient.SqlCommand.RunExecuteReaderTds(CommandBehavior cmdBehavior, RunBehavior runBehavior, Boolean returnStream, Boolean async, Int32 timeout, Task& task, Boolean asyncWrite, SqlDataReader ds)
   at System.Data.SqlClient.SqlCommand.RunExecuteReader(CommandBehavior cmdBehavior, RunBehavior runBehavior, Boolean returnStream, String method, TaskCompletionSource`1 completion, Int32 timeout, Task& task, Boolean asyncWrite)
   at System.Data.SqlClient.SqlCommand.RunExecuteReader(CommandBehavior cmdBehavior, RunBehavior runBehavior, Boolean returnStream, String method)
   at System.Data.SqlClient.SqlCommand.ExecuteReader(CommandBehavior behavior, String method)
   at System.Data.SqlClient.SqlCommand.ExecuteDbDataReader(CommandBehavior behavior)
   at System.Data.Common.DbCommand.ExecuteReader(CommandBehavior behavior)
   at System.Data.EntityClient.EntityCommandDefinition.ExecuteStoreCommands(EntityCommand entityCommand, CommandBehavior behavior)
   --- End of inner exception stack trace ---
   at System.Data.EntityClient.EntityCommandDefinition.ExecuteStoreCommands(EntityCommand entityCommand, CommandBehavior behavior)
   at System.Data.Objects.Internal.ObjectQueryExecutionPlan.Execute[TResultType](ObjectContext context, ObjectParameterCollection parameterValues)
   at System.Data.Objects.ObjectQuery`1.GetResults(Nullable`1 forMergeOption)
   at System.Data.Objects.ObjectQuery`1.System.Collections.Generic.IEnumerable<T>.GetEnumerator()
   at System.Data.Entity.Internal.Linq.InternalQuery`1.GetEnumerator()
   at System.Data.Entity.Infrastructure.DbQuery`1.System.Collections.Generic.IEnumerable<TResult>.GetEnumerator()
   at System.Collections.Generic.List`1..ctor(IEnumerable`1 collection)
   at System.Linq.Enumerable.ToList[TSource](IEnumerable`1 source)
   at AutoMapper.Mappers.EnumerableMapperBase`1.Map(ResolutionContext context, IMappingEngineRunner mapper)
   at AutoMapper.MappingEngine.AutoMapper.IMappingEngineRunner.Map(ResolutionContext context)
   --- End of inner exception stack trace ---
   at AutoMapper.MappingEngine.AutoMapper.IMappingEngineRunner.Map(ResolutionContext context)
   at AutoMapper.MappingEngine.Map(Object source, Type sourceType, Type destinationType, Action`1 opts)
   at AutoMapper.MappingEngine.Map[TSource,TDestination](TSource source)
   at AutoMapper.Mapper.Map[TSource,TDestination](TSource source)
   at smART.Library.GenericLibrary`2.Map(IEnumerable`1 dbEntities) in d:\Rsmart\Rsmart-SY-Project\smART.MVC.Library\GenericLibrary.cs:line 243
Method Name: Map
Line No.: 243

Category  : Library

Priority  : 3

Severity  : Error


----------------------------------------
----------------------------------------
Timestamp : 8/2/2014 11:34:23 PM

Title     : An error has occurred while processing your request. Please contact your system administrator for help.

Message   : An internal error has occurred and has been logged. Please contact your system administrator for help.

Exception: AutoMapper.AutoMapperMappingException: Trying to map System.Collections.Generic.IEnumerable`1[[smART.Model.Party, smART.Model, Version=1.0.0.0, Culture=neutral, PublicKeyToken=null]] to System.Collections.Generic.IEnumerable`1[[smART.ViewModel.Party, smART.MVC.ViewModel, Version=1.0.0.0, Culture=neutral, PublicKeyToken=null]].
Exception of type 'AutoMapper.AutoMapperMappingException' was thrown. ---> System.Data.EntityCommandExecutionException: An error occurred while executing the command definition. See the inner exception for details. ---> System.Data.SqlClient.SqlException: Invalid column name 'ThumbImage1RefId'.
Invalid column name 'ThumbImage2RefId'.
Invalid column name 'PhotoRefId'.
   at System.Data.SqlClient.SqlConnection.OnError(SqlException exception, Boolean breakConnection, Action`1 wrapCloseInAction)
   at System.Data.SqlClient.SqlInternalConnection.OnError(SqlException exception, Boolean breakConnection, Action`1 wrapCloseInAction)
   at System.Data.SqlClient.TdsParser.ThrowExceptionAndWarning(TdsParserStateObject stateObj, Boolean callerHasConnectionLock, Boolean asyncClose)
   at System.Data.SqlClient.TdsParser.TryRun(RunBehavior runBehavior, SqlCommand cmdHandler, SqlDataReader dataStream, BulkCopySimpleResultSet bulkCopyHandler, TdsParserStateObject stateObj, Boolean& dataReady)
   at System.Data.SqlClient.SqlDataReader.TryConsumeMetaData()
   at System.Data.SqlClient.SqlDataReader.get_MetaData()
   at System.Data.SqlClient.SqlCommand.FinishExecuteReader(SqlDataReader ds, RunBehavior runBehavior, String resetOptionsString)
   at System.Data.SqlClient.SqlCommand.RunExecuteReaderTds(CommandBehavior cmdBehavior, RunBehavior runBehavior, Boolean returnStream, Boolean async, Int32 timeout, Task& task, Boolean asyncWrite, SqlDataReader ds)
   at System.Data.SqlClient.SqlCommand.RunExecuteReader(CommandBehavior cmdBehavior, RunBehavior runBehavior, Boolean returnStream, String method, TaskCompletionSource`1 completion, Int32 timeout, Task& task, Boolean asyncWrite)
   at System.Data.SqlClient.SqlCommand.RunExecuteReader(CommandBehavior cmdBehavior, RunBehavior runBehavior, Boolean returnStream, String method)
   at System.Data.SqlClient.SqlCommand.ExecuteReader(CommandBehavior behavior, String method)
   at System.Data.SqlClient.SqlCommand.ExecuteDbDataReader(CommandBehavior behavior)
   at System.Data.Common.DbCommand.ExecuteReader(CommandBehavior behavior)
   at System.Data.EntityClient.EntityCommandDefinition.ExecuteStoreCommands(EntityCommand entityCommand, CommandBehavior behavior)
   --- End of inner exception stack trace ---
   at System.Data.EntityClient.EntityCommandDefinition.ExecuteStoreCommands(EntityCommand entityCommand, CommandBehavior behavior)
   at System.Data.Objects.Internal.ObjectQueryExecutionPlan.Execute[TResultType](ObjectContext context, ObjectParameterCollection parameterValues)
   at System.Data.Objects.ObjectQuery`1.GetResults(Nullable`1 forMergeOption)
   at System.Data.Objects.ObjectQuery`1.System.Collections.Generic.IEnumerable<T>.GetEnumerator()
   at System.Data.Entity.Internal.Linq.InternalQuery`1.GetEnumerator()
   at System.Data.Entity.Infrastructure.DbQuery`1.System.Collections.Generic.IEnumerable<TResult>.GetEnumerator()
   at System.Collections.Generic.List`1..ctor(IEnumerable`1 collection)
   at System.Linq.Enumerable.ToList[TSource](IEnumerable`1 source)
   at AutoMapper.Mappers.EnumerableMapperBase`1.Map(ResolutionContext context, IMappingEngineRunner mapper)
   at AutoMapper.MappingEngine.AutoMapper.IMappingEngineRunner.Map(ResolutionContext context)
   --- End of inner exception stack trace ---
   at AutoMapper.MappingEngine.AutoMapper.IMappingEngineRunner.Map(ResolutionContext context)
   at AutoMapper.MappingEngine.Map(Object source, Type sourceType, Type destinationType, Action`1 opts)
   at AutoMapper.MappingEngine.Map[TSource,TDestination](TSource source)
   at AutoMapper.Mapper.Map[TSource,TDestination](TSource source)
   at smART.Library.GenericLibrary`2.Map(IEnumerable`1 dbEntities) in d:\Rsmart\Rsmart-SY-Project\smART.MVC.Library\GenericLibrary.cs:line 243
Method Name: Map
Line No.: 243

Category  : Library

Priority  : 3

Severity  : Error


----------------------------------------
