----------------------------------------
Timestamp : 6/30/2014 11:00:55 PM

Title     : An error has occurred while processing your request. Please contact your system administrator for help.

Message   : An internal error has occurred and has been logged. Please contact your system administrator for help.

Exception: System.Reflection.TargetInvocationException: Exception has been thrown by the target of an invocation. ---> System.NullReferenceException: Object reference not set to an instance of an object.
   at smART.Business.Rules.Scale.GotSingle(Scale businessEntity, Scale modelEntity, smARTDBContext dbContext) in d:\Rsmart\Rsmart-SY-Project\smART.Business\Transaction\Scale\Scale.cs:line 45
   --- End of inner exception stack trace ---
   at System.RuntimeMethodHandle.InvokeMethod(Object target, Object[] arguments, Signature sig, Boolean constructor)
   at System.Reflection.RuntimeMethodInfo.UnsafeInvokeInternal(Object obj, Object[] parameters, Object[] arguments)
   at System.Reflection.RuntimeMethodInfo.Invoke(Object obj, BindingFlags invokeAttr, Binder binder, Object[] parameters, CultureInfo culture)
   at System.Reflection.MethodBase.Invoke(Object obj, Object[] parameters)
   at smART.MVC.Library.BusinessRules.BusinessRuleEngine.InvokeMethod(String classType, String methodName, Object businessEntity, Object modelEntity, Object dbContext) in d:\Rsmart\Rsmart-SY-Project\smART.MVC.Library\BusinessRules\BusinessRuleEngine.cs:line 34
   at smART.Library.GenericLibrary`2.GetSingle(TEntityBusiness businessEntity, TEntityModel modelEntity, DbContext dbContext) in d:\Rsmart\Rsmart-SY-Project\smART.MVC.Library\GenericLibrary.cs:line 171
   at smART.Library.GenericLibrary`2.GetSingleByCriteria(Expression`1 predicate, String[] includePredicate) in d:\Rsmart\Rsmart-SY-Project\smART.MVC.Library\GenericLibrary.cs:line 437
Method Name: GetSingleByCriteria
Line No.: 437

Category  : Library

Priority  : 3

Severity  : Error


----------------------------------------
----------------------------------------
Timestamp : 6/30/2014 11:01:05 PM

Title     : An error has occurred while processing your request. Please contact your system administrator for help.

Message   : An internal error has occurred and has been logged. Please contact your system administrator for help.

Exception: smART.Library.LibraryException: An error has occurred while processing your request. Please contact your system administrator for help. ---> System.Reflection.TargetInvocationException: Exception has been thrown by the target of an invocation. ---> System.NullReferenceException: Object reference not set to an instance of an object.
   at smART.Business.Rules.Scale.GotSingle(Scale businessEntity, Scale modelEntity, smARTDBContext dbContext) in d:\Rsmart\Rsmart-SY-Project\smART.Business\Transaction\Scale\Scale.cs:line 45
   --- End of inner exception stack trace ---
   at System.RuntimeMethodHandle.InvokeMethod(Object target, Object[] arguments, Signature sig, Boolean constructor)
   at System.Reflection.RuntimeMethodInfo.UnsafeInvokeInternal(Object obj, Object[] parameters, Object[] arguments)
   at System.Reflection.RuntimeMethodInfo.Invoke(Object obj, BindingFlags invokeAttr, Binder binder, Object[] parameters, CultureInfo culture)
   at System.Reflection.MethodBase.Invoke(Object obj, Object[] parameters)
   at smART.MVC.Library.BusinessRules.BusinessRuleEngine.InvokeMethod(String classType, String methodName, Object businessEntity, Object modelEntity, Object dbContext) in d:\Rsmart\Rsmart-SY-Project\smART.MVC.Library\BusinessRules\BusinessRuleEngine.cs:line 34
   at smART.Library.GenericLibrary`2.GetSingle(TEntityBusiness businessEntity, TEntityModel modelEntity, DbContext dbContext) in d:\Rsmart\Rsmart-SY-Project\smART.MVC.Library\GenericLibrary.cs:line 171
   at smART.Library.GenericLibrary`2.GetSingleByCriteria(Expression`1 predicate, String[] includePredicate) in d:\Rsmart\Rsmart-SY-Project\smART.MVC.Library\GenericLibrary.cs:line 437
   --- End of inner exception stack trace ---
   at Microsoft.Practices.EnterpriseLibrary.ExceptionHandling.ExceptionPolicyEntry.IntentionalRethrow(Exception chainException, Exception originalException) in e:\Builds\EntLib\Latest\Source\Blocks\ExceptionHandling\Src\ExceptionHandling\ExceptionPolicyEntry.cs:line 102
   at Microsoft.Practices.EnterpriseLibrary.ExceptionHandling.ExceptionPolicyEntry.RethrowRecommended(Exception chainException, Exception originalException) in e:\Builds\EntLib\Latest\Source\Blocks\ExceptionHandling\Src\ExceptionHandling\ExceptionPolicyEntry.cs:line 118
   at Microsoft.Practices.EnterpriseLibrary.ExceptionHandling.ExceptionPolicyEntry.Handle(Exception exceptionToHandle) in e:\Builds\EntLib\Latest\Source\Blocks\ExceptionHandling\Src\ExceptionHandling\ExceptionPolicyEntry.cs:line 91
   at Microsoft.Practices.EnterpriseLibrary.ExceptionHandling.ExceptionPolicyImpl.HandleException(Exception exceptionToHandle) in e:\Builds\EntLib\Latest\Source\Blocks\ExceptionHandling\Src\ExceptionHandling\ExceptionPolicyImpl.cs:line 84
   at smART.Common.PolicyHandler.Handle(String policyName, Exception& ex) in d:\Rsmart\Rsmart-SY-Project\smART.Common\Exception\ExceptionHandlers\ExceptionPolicyHandler.cs:line 75
   at smART.Common.ExceptionHandler.HandleException(Exception& ex, TraceEventType severity, String message, String policyName) in d:\Rsmart\Rsmart-SY-Project\smART.Common\Exception\ExceptionHandlers\OldExceptionHandler.cs:line 26
   at smART.Library.LibraryExceptionHandler.HandleException(Exception& ex, TraceEventType severity, String message) in d:\Rsmart\Rsmart-SY-Project\smART.MVC.Library\Exception\LibraryExceptionHandler.cs:line 27
   at smART.Library.GenericLibrary`2.GetSingleByCriteria(Expression`1 predicate, String[] includePredicate) in d:\Rsmart\Rsmart-SY-Project\smART.MVC.Library\GenericLibrary.cs:line 443
   at smART.Library.GenericLibrary`2.GetByID(String id, String[] includePredicate) in d:\Rsmart\Rsmart-SY-Project\smART.MVC.Library\GenericLibrary.cs:line 339
Method Name: GetByID
Line No.: 339

Category  : Library

Priority  : 3

Severity  : Error


----------------------------------------
----------------------------------------
Timestamp : 6/30/2014 11:46:45 PM

Title     : An error has occurred while processing your request. Please contact your system administrator for help.

Message   : An internal error has occurred and has been logged. Please contact your system administrator for help.

Exception: System.InvalidOperationException: Sequence contains more than one element
   at System.Linq.Enumerable.SingleOrDefault[TSource](IEnumerable`1 source)
   at System.Data.Objects.ELinq.ObjectQueryProvider.<GetElementFunction>b__2[TResult](IEnumerable`1 sequence)
   at System.Data.Objects.ELinq.ObjectQueryProvider.ExecuteSingle[TResult](IEnumerable`1 query, Expression queryRoot)
   at System.Data.Objects.ELinq.ObjectQueryProvider.System.Linq.IQueryProvider.Execute[S](Expression expression)
   at System.Data.Entity.Internal.Linq.DbQueryProvider.Execute[TResult](Expression expression)
   at System.Linq.Queryable.SingleOrDefault[TSource](IQueryable`1 source, Expression`1 predicate)
   at smART.Library.GenericLibrary`2.GetSingleByCriteria(Expression`1 predicate, String[] includePredicate) in d:\Rsmart\Rsmart-SY-Project\smART.MVC.Library\GenericLibrary.cs:line 434
Method Name: GetSingleByCriteria
Line No.: 434

Category  : Library

Priority  : 3

Severity  : Error


----------------------------------------
----------------------------------------
Timestamp : 6/30/2014 11:46:45 PM

Title     : An error has occurred while processing your request. Please contact your system administrator for help.

Message   : An internal error has occurred and has been logged. Please contact your system administrator for help.

Exception: smART.Library.LibraryException: An error has occurred while processing your request. Please contact your system administrator for help. ---> System.InvalidOperationException: Sequence contains more than one element
   at System.Linq.Enumerable.SingleOrDefault[TSource](IEnumerable`1 source)
   at System.Data.Objects.ELinq.ObjectQueryProvider.<GetElementFunction>b__2[TResult](IEnumerable`1 sequence)
   at System.Data.Objects.ELinq.ObjectQueryProvider.ExecuteSingle[TResult](IEnumerable`1 query, Expression queryRoot)
   at System.Data.Objects.ELinq.ObjectQueryProvider.System.Linq.IQueryProvider.Execute[S](Expression expression)
   at System.Data.Entity.Internal.Linq.DbQueryProvider.Execute[TResult](Expression expression)
   at System.Linq.Queryable.SingleOrDefault[TSource](IQueryable`1 source, Expression`1 predicate)
   at smART.Library.GenericLibrary`2.GetSingleByCriteria(Expression`1 predicate, String[] includePredicate) in d:\Rsmart\Rsmart-SY-Project\smART.MVC.Library\GenericLibrary.cs:line 434
   --- End of inner exception stack trace ---
   at Microsoft.Practices.EnterpriseLibrary.ExceptionHandling.ExceptionPolicyEntry.IntentionalRethrow(Exception chainException, Exception originalException) in e:\Builds\EntLib\Latest\Source\Blocks\ExceptionHandling\Src\ExceptionHandling\ExceptionPolicyEntry.cs:line 102
   at Microsoft.Practices.EnterpriseLibrary.ExceptionHandling.ExceptionPolicyEntry.RethrowRecommended(Exception chainException, Exception originalException) in e:\Builds\EntLib\Latest\Source\Blocks\ExceptionHandling\Src\ExceptionHandling\ExceptionPolicyEntry.cs:line 118
   at Microsoft.Practices.EnterpriseLibrary.ExceptionHandling.ExceptionPolicyEntry.Handle(Exception exceptionToHandle) in e:\Builds\EntLib\Latest\Source\Blocks\ExceptionHandling\Src\ExceptionHandling\ExceptionPolicyEntry.cs:line 91
   at Microsoft.Practices.EnterpriseLibrary.ExceptionHandling.ExceptionPolicyImpl.HandleException(Exception exceptionToHandle) in e:\Builds\EntLib\Latest\Source\Blocks\ExceptionHandling\Src\ExceptionHandling\ExceptionPolicyImpl.cs:line 84
   at smART.Common.PolicyHandler.Handle(String policyName, Exception& ex) in d:\Rsmart\Rsmart-SY-Project\smART.Common\Exception\ExceptionHandlers\ExceptionPolicyHandler.cs:line 75
   at smART.Common.ExceptionHandler.HandleException(Exception& ex, TraceEventType severity, String message, String policyName) in d:\Rsmart\Rsmart-SY-Project\smART.Common\Exception\ExceptionHandlers\OldExceptionHandler.cs:line 26
   at smART.Library.LibraryExceptionHandler.HandleException(Exception& ex, TraceEventType severity, String message) in d:\Rsmart\Rsmart-SY-Project\smART.MVC.Library\Exception\LibraryExceptionHandler.cs:line 27
   at smART.Library.GenericLibrary`2.GetSingleByCriteria(Expression`1 predicate, String[] includePredicate) in d:\Rsmart\Rsmart-SY-Project\smART.MVC.Library\GenericLibrary.cs:line 443
   at smART.Library.GenericLibrary`2.GetSingleByExpression(Expression`1 predicate, String[] includePredicate) in d:\Rsmart\Rsmart-SY-Project\smART.MVC.Library\GenericLibrary.cs:line 374
Method Name: GetSingleByExpression
Line No.: 374

Category  : Library

Priority  : 3

Severity  : Error


----------------------------------------
----------------------------------------
Timestamp : 6/30/2014 11:46:45 PM

Title     : An error has occurred while processing your request. Please contact your system administrator for help.

Message   : An internal error has occurred and has been logged. Please contact your system administrator for help.

Exception: smART.Library.LibraryException: An error has occurred while processing your request. Please contact your system administrator for help. ---> smART.Library.LibraryException: An error has occurred while processing your request. Please contact your system administrator for help. ---> System.InvalidOperationException: Sequence contains more than one element
   at System.Linq.Enumerable.SingleOrDefault[TSource](IEnumerable`1 source)
   at System.Data.Objects.ELinq.ObjectQueryProvider.<GetElementFunction>b__2[TResult](IEnumerable`1 sequence)
   at System.Data.Objects.ELinq.ObjectQueryProvider.ExecuteSingle[TResult](IEnumerable`1 query, Expression queryRoot)
   at System.Data.Objects.ELinq.ObjectQueryProvider.System.Linq.IQueryProvider.Execute[S](Expression expression)
   at System.Data.Entity.Internal.Linq.DbQueryProvider.Execute[TResult](Expression expression)
   at System.Linq.Queryable.SingleOrDefault[TSource](IQueryable`1 source, Expression`1 predicate)
   at smART.Library.GenericLibrary`2.GetSingleByCriteria(Expression`1 predicate, String[] includePredicate) in d:\Rsmart\Rsmart-SY-Project\smART.MVC.Library\GenericLibrary.cs:line 434
   --- End of inner exception stack trace ---
   at Microsoft.Practices.EnterpriseLibrary.ExceptionHandling.ExceptionPolicyEntry.IntentionalRethrow(Exception chainException, Exception originalException) in e:\Builds\EntLib\Latest\Source\Blocks\ExceptionHandling\Src\ExceptionHandling\ExceptionPolicyEntry.cs:line 102
   at Microsoft.Practices.EnterpriseLibrary.ExceptionHandling.ExceptionPolicyEntry.RethrowRecommended(Exception chainException, Exception originalException) in e:\Builds\EntLib\Latest\Source\Blocks\ExceptionHandling\Src\ExceptionHandling\ExceptionPolicyEntry.cs:line 118
   at Microsoft.Practices.EnterpriseLibrary.ExceptionHandling.ExceptionPolicyEntry.Handle(Exception exceptionToHandle) in e:\Builds\EntLib\Latest\Source\Blocks\ExceptionHandling\Src\ExceptionHandling\ExceptionPolicyEntry.cs:line 91
   at Microsoft.Practices.EnterpriseLibrary.ExceptionHandling.ExceptionPolicyImpl.HandleException(Exception exceptionToHandle) in e:\Builds\EntLib\Latest\Source\Blocks\ExceptionHandling\Src\ExceptionHandling\ExceptionPolicyImpl.cs:line 84
   at smART.Common.PolicyHandler.Handle(String policyName, Exception& ex) in d:\Rsmart\Rsmart-SY-Project\smART.Common\Exception\ExceptionHandlers\ExceptionPolicyHandler.cs:line 75
   at smART.Common.ExceptionHandler.HandleException(Exception& ex, TraceEventType severity, String message, String policyName) in d:\Rsmart\Rsmart-SY-Project\smART.Common\Exception\ExceptionHandlers\OldExceptionHandler.cs:line 26
   at smART.Library.LibraryExceptionHandler.HandleException(Exception& ex, TraceEventType severity, String message) in d:\Rsmart\Rsmart-SY-Project\smART.MVC.Library\Exception\LibraryExceptionHandler.cs:line 27
   at smART.Library.GenericLibrary`2.GetSingleByCriteria(Expression`1 predicate, String[] includePredicate) in d:\Rsmart\Rsmart-SY-Project\smART.MVC.Library\GenericLibrary.cs:line 443
   at smART.Library.GenericLibrary`2.GetSingleByExpression(Expression`1 predicate, String[] includePredicate) in d:\Rsmart\Rsmart-SY-Project\smART.MVC.Library\GenericLibrary.cs:line 374
   --- End of inner exception stack trace ---
   at Microsoft.Practices.EnterpriseLibrary.ExceptionHandling.ExceptionPolicyEntry.IntentionalRethrow(Exception chainException, Exception originalException) in e:\Builds\EntLib\Latest\Source\Blocks\ExceptionHandling\Src\ExceptionHandling\ExceptionPolicyEntry.cs:line 102
   at Microsoft.Practices.EnterpriseLibrary.ExceptionHandling.ExceptionPolicyEntry.RethrowRecommended(Exception chainException, Exception originalException) in e:\Builds\EntLib\Latest\Source\Blocks\ExceptionHandling\Src\ExceptionHandling\ExceptionPolicyEntry.cs:line 118
   at Microsoft.Practices.EnterpriseLibrary.ExceptionHandling.ExceptionPolicyEntry.Handle(Exception exceptionToHandle) in e:\Builds\EntLib\Latest\Source\Blocks\ExceptionHandling\Src\ExceptionHandling\ExceptionPolicyEntry.cs:line 91
   at Microsoft.Practices.EnterpriseLibrary.ExceptionHandling.ExceptionPolicyImpl.HandleException(Exception exceptionToHandle) in e:\Builds\EntLib\Latest\Source\Blocks\ExceptionHandling\Src\ExceptionHandling\ExceptionPolicyImpl.cs:line 84
   at smART.Common.PolicyHandler.Handle(String policyName, Exception& ex) in d:\Rsmart\Rsmart-SY-Project\smART.Common\Exception\ExceptionHandlers\ExceptionPolicyHandler.cs:line 75
   at smART.Common.ExceptionHandler.HandleException(Exception& ex, TraceEventType severity, String message, String policyName) in d:\Rsmart\Rsmart-SY-Project\smART.Common\Exception\ExceptionHandlers\OldExceptionHandler.cs:line 26
   at smART.Library.LibraryExceptionHandler.HandleException(Exception& ex, TraceEventType severity, String message) in d:\Rsmart\Rsmart-SY-Project\smART.MVC.Library\Exception\LibraryExceptionHandler.cs:line 27
   at smART.Library.GenericLibrary`2.GetSingleByExpression(Expression`1 predicate, String[] includePredicate) in d:\Rsmart\Rsmart-SY-Project\smART.MVC.Library\GenericLibrary.cs:line 379
   at smART.Library.LOVLibrary.GetByValueAndParent(String lovValue, String parentLovValue) in d:\Rsmart\Rsmart-SY-Project\smART.MVC.Library\Administration\LOVLibrary.cs:line 137
Method Name: GetByValueAndParent
Line No.: 137

Category  : Library

Priority  : 3

Severity  : Error


----------------------------------------
----------------------------------------
Timestamp : 6/30/2014 11:47:01 PM

Title     : An error has occurred while processing your request. Please contact your system administrator for help.

Message   : An internal error has occurred and has been logged. Please contact your system administrator for help.

Exception: System.Reflection.TargetInvocationException: Exception has been thrown by the target of an invocation. ---> System.NullReferenceException: Object reference not set to an instance of an object.
   at smART.Business.Rules.Scale.GotSingle(Scale businessEntity, Scale modelEntity, smARTDBContext dbContext) in d:\Rsmart\Rsmart-SY-Project\smART.Business\Transaction\Scale\Scale.cs:line 45
   --- End of inner exception stack trace ---
   at System.RuntimeMethodHandle.InvokeMethod(Object target, Object[] arguments, Signature sig, Boolean constructor)
   at System.Reflection.RuntimeMethodInfo.UnsafeInvokeInternal(Object obj, Object[] parameters, Object[] arguments)
   at System.Reflection.RuntimeMethodInfo.Invoke(Object obj, BindingFlags invokeAttr, Binder binder, Object[] parameters, CultureInfo culture)
   at System.Reflection.MethodBase.Invoke(Object obj, Object[] parameters)
   at smART.MVC.Library.BusinessRules.BusinessRuleEngine.InvokeMethod(String classType, String methodName, Object businessEntity, Object modelEntity, Object dbContext) in d:\Rsmart\Rsmart-SY-Project\smART.MVC.Library\BusinessRules\BusinessRuleEngine.cs:line 34
   at smART.Library.GenericLibrary`2.GetSingle(TEntityBusiness businessEntity, TEntityModel modelEntity, DbContext dbContext) in d:\Rsmart\Rsmart-SY-Project\smART.MVC.Library\GenericLibrary.cs:line 171
   at smART.Library.GenericLibrary`2.GetSingleByCriteria(Expression`1 predicate, String[] includePredicate) in d:\Rsmart\Rsmart-SY-Project\smART.MVC.Library\GenericLibrary.cs:line 437
Method Name: GetSingleByCriteria
Line No.: 437

Category  : Library

Priority  : 3

Severity  : Error


----------------------------------------
----------------------------------------
Timestamp : 6/30/2014 11:47:01 PM

Title     : An error has occurred while processing your request. Please contact your system administrator for help.

Message   : An internal error has occurred and has been logged. Please contact your system administrator for help.

Exception: smART.Library.LibraryException: An error has occurred while processing your request. Please contact your system administrator for help. ---> System.Reflection.TargetInvocationException: Exception has been thrown by the target of an invocation. ---> System.NullReferenceException: Object reference not set to an instance of an object.
   at smART.Business.Rules.Scale.GotSingle(Scale businessEntity, Scale modelEntity, smARTDBContext dbContext) in d:\Rsmart\Rsmart-SY-Project\smART.Business\Transaction\Scale\Scale.cs:line 45
   --- End of inner exception stack trace ---
   at System.RuntimeMethodHandle.InvokeMethod(Object target, Object[] arguments, Signature sig, Boolean constructor)
   at System.Reflection.RuntimeMethodInfo.UnsafeInvokeInternal(Object obj, Object[] parameters, Object[] arguments)
   at System.Reflection.RuntimeMethodInfo.Invoke(Object obj, BindingFlags invokeAttr, Binder binder, Object[] parameters, CultureInfo culture)
   at System.Reflection.MethodBase.Invoke(Object obj, Object[] parameters)
   at smART.MVC.Library.BusinessRules.BusinessRuleEngine.InvokeMethod(String classType, String methodName, Object businessEntity, Object modelEntity, Object dbContext) in d:\Rsmart\Rsmart-SY-Project\smART.MVC.Library\BusinessRules\BusinessRuleEngine.cs:line 34
   at smART.Library.GenericLibrary`2.GetSingle(TEntityBusiness businessEntity, TEntityModel modelEntity, DbContext dbContext) in d:\Rsmart\Rsmart-SY-Project\smART.MVC.Library\GenericLibrary.cs:line 171
   at smART.Library.GenericLibrary`2.GetSingleByCriteria(Expression`1 predicate, String[] includePredicate) in d:\Rsmart\Rsmart-SY-Project\smART.MVC.Library\GenericLibrary.cs:line 437
   --- End of inner exception stack trace ---
   at Microsoft.Practices.EnterpriseLibrary.ExceptionHandling.ExceptionPolicyEntry.IntentionalRethrow(Exception chainException, Exception originalException) in e:\Builds\EntLib\Latest\Source\Blocks\ExceptionHandling\Src\ExceptionHandling\ExceptionPolicyEntry.cs:line 102
   at Microsoft.Practices.EnterpriseLibrary.ExceptionHandling.ExceptionPolicyEntry.RethrowRecommended(Exception chainException, Exception originalException) in e:\Builds\EntLib\Latest\Source\Blocks\ExceptionHandling\Src\ExceptionHandling\ExceptionPolicyEntry.cs:line 118
   at Microsoft.Practices.EnterpriseLibrary.ExceptionHandling.ExceptionPolicyEntry.Handle(Exception exceptionToHandle) in e:\Builds\EntLib\Latest\Source\Blocks\ExceptionHandling\Src\ExceptionHandling\ExceptionPolicyEntry.cs:line 91
   at Microsoft.Practices.EnterpriseLibrary.ExceptionHandling.ExceptionPolicyImpl.HandleException(Exception exceptionToHandle) in e:\Builds\EntLib\Latest\Source\Blocks\ExceptionHandling\Src\ExceptionHandling\ExceptionPolicyImpl.cs:line 84
   at smART.Common.PolicyHandler.Handle(String policyName, Exception& ex) in d:\Rsmart\Rsmart-SY-Project\smART.Common\Exception\ExceptionHandlers\ExceptionPolicyHandler.cs:line 75
   at smART.Common.ExceptionHandler.HandleException(Exception& ex, TraceEventType severity, String message, String policyName) in d:\Rsmart\Rsmart-SY-Project\smART.Common\Exception\ExceptionHandlers\OldExceptionHandler.cs:line 26
   at smART.Library.LibraryExceptionHandler.HandleException(Exception& ex, TraceEventType severity, String message) in d:\Rsmart\Rsmart-SY-Project\smART.MVC.Library\Exception\LibraryExceptionHandler.cs:line 27
   at smART.Library.GenericLibrary`2.GetSingleByCriteria(Expression`1 predicate, String[] includePredicate) in d:\Rsmart\Rsmart-SY-Project\smART.MVC.Library\GenericLibrary.cs:line 443
   at smART.Library.GenericLibrary`2.GetByID(String id, String[] includePredicate) in d:\Rsmart\Rsmart-SY-Project\smART.MVC.Library\GenericLibrary.cs:line 339
Method Name: GetByID
Line No.: 339

Category  : Library

Priority  : 3

Severity  : Error


----------------------------------------
----------------------------------------
Timestamp : 6/30/2014 11:52:35 PM

Title     : An error has occurred while processing your request. Please contact your system administrator for help.

Message   : An internal error has occurred and has been logged. Please contact your system administrator for help.

Exception: System.InvalidOperationException: Sequence contains more than one element
   at System.Linq.Enumerable.SingleOrDefault[TSource](IEnumerable`1 source)
   at System.Data.Objects.ELinq.ObjectQueryProvider.<GetElementFunction>b__2[TResult](IEnumerable`1 sequence)
   at System.Data.Objects.ELinq.ObjectQueryProvider.ExecuteSingle[TResult](IEnumerable`1 query, Expression queryRoot)
   at System.Data.Objects.ELinq.ObjectQueryProvider.System.Linq.IQueryProvider.Execute[S](Expression expression)
   at System.Data.Entity.Internal.Linq.DbQueryProvider.Execute[TResult](Expression expression)
   at System.Linq.Queryable.SingleOrDefault[TSource](IQueryable`1 source, Expression`1 predicate)
   at smART.Library.GenericLibrary`2.GetSingleByCriteria(Expression`1 predicate, String[] includePredicate) in d:\Rsmart\Rsmart-SY-Project\smART.MVC.Library\GenericLibrary.cs:line 434
Method Name: GetSingleByCriteria
Line No.: 434

Category  : Library

Priority  : 3

Severity  : Error


----------------------------------------
----------------------------------------
Timestamp : 6/30/2014 11:52:35 PM

Title     : An error has occurred while processing your request. Please contact your system administrator for help.

Message   : An internal error has occurred and has been logged. Please contact your system administrator for help.

Exception: smART.Library.LibraryException: An error has occurred while processing your request. Please contact your system administrator for help. ---> System.InvalidOperationException: Sequence contains more than one element
   at System.Linq.Enumerable.SingleOrDefault[TSource](IEnumerable`1 source)
   at System.Data.Objects.ELinq.ObjectQueryProvider.<GetElementFunction>b__2[TResult](IEnumerable`1 sequence)
   at System.Data.Objects.ELinq.ObjectQueryProvider.ExecuteSingle[TResult](IEnumerable`1 query, Expression queryRoot)
   at System.Data.Objects.ELinq.ObjectQueryProvider.System.Linq.IQueryProvider.Execute[S](Expression expression)
   at System.Data.Entity.Internal.Linq.DbQueryProvider.Execute[TResult](Expression expression)
   at System.Linq.Queryable.SingleOrDefault[TSource](IQueryable`1 source, Expression`1 predicate)
   at smART.Library.GenericLibrary`2.GetSingleByCriteria(Expression`1 predicate, String[] includePredicate) in d:\Rsmart\Rsmart-SY-Project\smART.MVC.Library\GenericLibrary.cs:line 434
   --- End of inner exception stack trace ---
   at Microsoft.Practices.EnterpriseLibrary.ExceptionHandling.ExceptionPolicyEntry.IntentionalRethrow(Exception chainException, Exception originalException) in e:\Builds\EntLib\Latest\Source\Blocks\ExceptionHandling\Src\ExceptionHandling\ExceptionPolicyEntry.cs:line 102
   at Microsoft.Practices.EnterpriseLibrary.ExceptionHandling.ExceptionPolicyEntry.RethrowRecommended(Exception chainException, Exception originalException) in e:\Builds\EntLib\Latest\Source\Blocks\ExceptionHandling\Src\ExceptionHandling\ExceptionPolicyEntry.cs:line 118
   at Microsoft.Practices.EnterpriseLibrary.ExceptionHandling.ExceptionPolicyEntry.Handle(Exception exceptionToHandle) in e:\Builds\EntLib\Latest\Source\Blocks\ExceptionHandling\Src\ExceptionHandling\ExceptionPolicyEntry.cs:line 91
   at Microsoft.Practices.EnterpriseLibrary.ExceptionHandling.ExceptionPolicyImpl.HandleException(Exception exceptionToHandle) in e:\Builds\EntLib\Latest\Source\Blocks\ExceptionHandling\Src\ExceptionHandling\ExceptionPolicyImpl.cs:line 84
   at smART.Common.PolicyHandler.Handle(String policyName, Exception& ex) in d:\Rsmart\Rsmart-SY-Project\smART.Common\Exception\ExceptionHandlers\ExceptionPolicyHandler.cs:line 75
   at smART.Common.ExceptionHandler.HandleException(Exception& ex, TraceEventType severity, String message, String policyName) in d:\Rsmart\Rsmart-SY-Project\smART.Common\Exception\ExceptionHandlers\OldExceptionHandler.cs:line 26
   at smART.Library.LibraryExceptionHandler.HandleException(Exception& ex, TraceEventType severity, String message) in d:\Rsmart\Rsmart-SY-Project\smART.MVC.Library\Exception\LibraryExceptionHandler.cs:line 27
   at smART.Library.GenericLibrary`2.GetSingleByCriteria(Expression`1 predicate, String[] includePredicate) in d:\Rsmart\Rsmart-SY-Project\smART.MVC.Library\GenericLibrary.cs:line 443
   at smART.Library.GenericLibrary`2.GetSingleByExpression(Expression`1 predicate, String[] includePredicate) in d:\Rsmart\Rsmart-SY-Project\smART.MVC.Library\GenericLibrary.cs:line 374
Method Name: GetSingleByExpression
Line No.: 374

Category  : Library

Priority  : 3

Severity  : Error


----------------------------------------
----------------------------------------
Timestamp : 6/30/2014 11:52:35 PM

Title     : An error has occurred while processing your request. Please contact your system administrator for help.

Message   : An internal error has occurred and has been logged. Please contact your system administrator for help.

Exception: smART.Library.LibraryException: An error has occurred while processing your request. Please contact your system administrator for help. ---> smART.Library.LibraryException: An error has occurred while processing your request. Please contact your system administrator for help. ---> System.InvalidOperationException: Sequence contains more than one element
   at System.Linq.Enumerable.SingleOrDefault[TSource](IEnumerable`1 source)
   at System.Data.Objects.ELinq.ObjectQueryProvider.<GetElementFunction>b__2[TResult](IEnumerable`1 sequence)
   at System.Data.Objects.ELinq.ObjectQueryProvider.ExecuteSingle[TResult](IEnumerable`1 query, Expression queryRoot)
   at System.Data.Objects.ELinq.ObjectQueryProvider.System.Linq.IQueryProvider.Execute[S](Expression expression)
   at System.Data.Entity.Internal.Linq.DbQueryProvider.Execute[TResult](Expression expression)
   at System.Linq.Queryable.SingleOrDefault[TSource](IQueryable`1 source, Expression`1 predicate)
   at smART.Library.GenericLibrary`2.GetSingleByCriteria(Expression`1 predicate, String[] includePredicate) in d:\Rsmart\Rsmart-SY-Project\smART.MVC.Library\GenericLibrary.cs:line 434
   --- End of inner exception stack trace ---
   at Microsoft.Practices.EnterpriseLibrary.ExceptionHandling.ExceptionPolicyEntry.IntentionalRethrow(Exception chainException, Exception originalException) in e:\Builds\EntLib\Latest\Source\Blocks\ExceptionHandling\Src\ExceptionHandling\ExceptionPolicyEntry.cs:line 102
   at Microsoft.Practices.EnterpriseLibrary.ExceptionHandling.ExceptionPolicyEntry.RethrowRecommended(Exception chainException, Exception originalException) in e:\Builds\EntLib\Latest\Source\Blocks\ExceptionHandling\Src\ExceptionHandling\ExceptionPolicyEntry.cs:line 118
   at Microsoft.Practices.EnterpriseLibrary.ExceptionHandling.ExceptionPolicyEntry.Handle(Exception exceptionToHandle) in e:\Builds\EntLib\Latest\Source\Blocks\ExceptionHandling\Src\ExceptionHandling\ExceptionPolicyEntry.cs:line 91
   at Microsoft.Practices.EnterpriseLibrary.ExceptionHandling.ExceptionPolicyImpl.HandleException(Exception exceptionToHandle) in e:\Builds\EntLib\Latest\Source\Blocks\ExceptionHandling\Src\ExceptionHandling\ExceptionPolicyImpl.cs:line 84
   at smART.Common.PolicyHandler.Handle(String policyName, Exception& ex) in d:\Rsmart\Rsmart-SY-Project\smART.Common\Exception\ExceptionHandlers\ExceptionPolicyHandler.cs:line 75
   at smART.Common.ExceptionHandler.HandleException(Exception& ex, TraceEventType severity, String message, String policyName) in d:\Rsmart\Rsmart-SY-Project\smART.Common\Exception\ExceptionHandlers\OldExceptionHandler.cs:line 26
   at smART.Library.LibraryExceptionHandler.HandleException(Exception& ex, TraceEventType severity, String message) in d:\Rsmart\Rsmart-SY-Project\smART.MVC.Library\Exception\LibraryExceptionHandler.cs:line 27
   at smART.Library.GenericLibrary`2.GetSingleByCriteria(Expression`1 predicate, String[] includePredicate) in d:\Rsmart\Rsmart-SY-Project\smART.MVC.Library\GenericLibrary.cs:line 443
   at smART.Library.GenericLibrary`2.GetSingleByExpression(Expression`1 predicate, String[] includePredicate) in d:\Rsmart\Rsmart-SY-Project\smART.MVC.Library\GenericLibrary.cs:line 374
   --- End of inner exception stack trace ---
   at Microsoft.Practices.EnterpriseLibrary.ExceptionHandling.ExceptionPolicyEntry.IntentionalRethrow(Exception chainException, Exception originalException) in e:\Builds\EntLib\Latest\Source\Blocks\ExceptionHandling\Src\ExceptionHandling\ExceptionPolicyEntry.cs:line 102
   at Microsoft.Practices.EnterpriseLibrary.ExceptionHandling.ExceptionPolicyEntry.RethrowRecommended(Exception chainException, Exception originalException) in e:\Builds\EntLib\Latest\Source\Blocks\ExceptionHandling\Src\ExceptionHandling\ExceptionPolicyEntry.cs:line 118
   at Microsoft.Practices.EnterpriseLibrary.ExceptionHandling.ExceptionPolicyEntry.Handle(Exception exceptionToHandle) in e:\Builds\EntLib\Latest\Source\Blocks\ExceptionHandling\Src\ExceptionHandling\ExceptionPolicyEntry.cs:line 91
   at Microsoft.Practices.EnterpriseLibrary.ExceptionHandling.ExceptionPolicyImpl.HandleException(Exception exceptionToHandle) in e:\Builds\EntLib\Latest\Source\Blocks\ExceptionHandling\Src\ExceptionHandling\ExceptionPolicyImpl.cs:line 84
   at smART.Common.PolicyHandler.Handle(String policyName, Exception& ex) in d:\Rsmart\Rsmart-SY-Project\smART.Common\Exception\ExceptionHandlers\ExceptionPolicyHandler.cs:line 75
   at smART.Common.ExceptionHandler.HandleException(Exception& ex, TraceEventType severity, String message, String policyName) in d:\Rsmart\Rsmart-SY-Project\smART.Common\Exception\ExceptionHandlers\OldExceptionHandler.cs:line 26
   at smART.Library.LibraryExceptionHandler.HandleException(Exception& ex, TraceEventType severity, String message) in d:\Rsmart\Rsmart-SY-Project\smART.MVC.Library\Exception\LibraryExceptionHandler.cs:line 27
   at smART.Library.GenericLibrary`2.GetSingleByExpression(Expression`1 predicate, String[] includePredicate) in d:\Rsmart\Rsmart-SY-Project\smART.MVC.Library\GenericLibrary.cs:line 379
   at smART.Library.LOVLibrary.GetByValueAndParent(String lovValue, String parentLovValue) in d:\Rsmart\Rsmart-SY-Project\smART.MVC.Library\Administration\LOVLibrary.cs:line 137
Method Name: GetByValueAndParent
Line No.: 137

Category  : Library

Priority  : 3

Severity  : Error


----------------------------------------
----------------------------------------
Timestamp : 6/30/2014 11:52:54 PM

Title     : An error has occurred while processing your request. Please contact your system administrator for help.

Message   : An internal error has occurred and has been logged. Please contact your system administrator for help.

Exception: System.Reflection.TargetInvocationException: Exception has been thrown by the target of an invocation. ---> System.NullReferenceException: Object reference not set to an instance of an object.
   at smART.Business.Rules.Scale.GotSingle(Scale businessEntity, Scale modelEntity, smARTDBContext dbContext) in d:\Rsmart\Rsmart-SY-Project\smART.Business\Transaction\Scale\Scale.cs:line 45
   --- End of inner exception stack trace ---
   at System.RuntimeMethodHandle.InvokeMethod(Object target, Object[] arguments, Signature sig, Boolean constructor)
   at System.Reflection.RuntimeMethodInfo.UnsafeInvokeInternal(Object obj, Object[] parameters, Object[] arguments)
   at System.Reflection.RuntimeMethodInfo.Invoke(Object obj, BindingFlags invokeAttr, Binder binder, Object[] parameters, CultureInfo culture)
   at System.Reflection.MethodBase.Invoke(Object obj, Object[] parameters)
   at smART.MVC.Library.BusinessRules.BusinessRuleEngine.InvokeMethod(String classType, String methodName, Object businessEntity, Object modelEntity, Object dbContext) in d:\Rsmart\Rsmart-SY-Project\smART.MVC.Library\BusinessRules\BusinessRuleEngine.cs:line 34
   at smART.Library.GenericLibrary`2.GetSingle(TEntityBusiness businessEntity, TEntityModel modelEntity, DbContext dbContext) in d:\Rsmart\Rsmart-SY-Project\smART.MVC.Library\GenericLibrary.cs:line 171
   at smART.Library.GenericLibrary`2.GetSingleByCriteria(Expression`1 predicate, String[] includePredicate) in d:\Rsmart\Rsmart-SY-Project\smART.MVC.Library\GenericLibrary.cs:line 437
Method Name: GetSingleByCriteria
Line No.: 437

Category  : Library

Priority  : 3

Severity  : Error


----------------------------------------
----------------------------------------
Timestamp : 6/30/2014 11:52:54 PM

Title     : An error has occurred while processing your request. Please contact your system administrator for help.

Message   : An internal error has occurred and has been logged. Please contact your system administrator for help.

Exception: smART.Library.LibraryException: An error has occurred while processing your request. Please contact your system administrator for help. ---> System.Reflection.TargetInvocationException: Exception has been thrown by the target of an invocation. ---> System.NullReferenceException: Object reference not set to an instance of an object.
   at smART.Business.Rules.Scale.GotSingle(Scale businessEntity, Scale modelEntity, smARTDBContext dbContext) in d:\Rsmart\Rsmart-SY-Project\smART.Business\Transaction\Scale\Scale.cs:line 45
   --- End of inner exception stack trace ---
   at System.RuntimeMethodHandle.InvokeMethod(Object target, Object[] arguments, Signature sig, Boolean constructor)
   at System.Reflection.RuntimeMethodInfo.UnsafeInvokeInternal(Object obj, Object[] parameters, Object[] arguments)
   at System.Reflection.RuntimeMethodInfo.Invoke(Object obj, BindingFlags invokeAttr, Binder binder, Object[] parameters, CultureInfo culture)
   at System.Reflection.MethodBase.Invoke(Object obj, Object[] parameters)
   at smART.MVC.Library.BusinessRules.BusinessRuleEngine.InvokeMethod(String classType, String methodName, Object businessEntity, Object modelEntity, Object dbContext) in d:\Rsmart\Rsmart-SY-Project\smART.MVC.Library\BusinessRules\BusinessRuleEngine.cs:line 34
   at smART.Library.GenericLibrary`2.GetSingle(TEntityBusiness businessEntity, TEntityModel modelEntity, DbContext dbContext) in d:\Rsmart\Rsmart-SY-Project\smART.MVC.Library\GenericLibrary.cs:line 171
   at smART.Library.GenericLibrary`2.GetSingleByCriteria(Expression`1 predicate, String[] includePredicate) in d:\Rsmart\Rsmart-SY-Project\smART.MVC.Library\GenericLibrary.cs:line 437
   --- End of inner exception stack trace ---
   at Microsoft.Practices.EnterpriseLibrary.ExceptionHandling.ExceptionPolicyEntry.IntentionalRethrow(Exception chainException, Exception originalException) in e:\Builds\EntLib\Latest\Source\Blocks\ExceptionHandling\Src\ExceptionHandling\ExceptionPolicyEntry.cs:line 102
   at Microsoft.Practices.EnterpriseLibrary.ExceptionHandling.ExceptionPolicyEntry.RethrowRecommended(Exception chainException, Exception originalException) in e:\Builds\EntLib\Latest\Source\Blocks\ExceptionHandling\Src\ExceptionHandling\ExceptionPolicyEntry.cs:line 118
   at Microsoft.Practices.EnterpriseLibrary.ExceptionHandling.ExceptionPolicyEntry.Handle(Exception exceptionToHandle) in e:\Builds\EntLib\Latest\Source\Blocks\ExceptionHandling\Src\ExceptionHandling\ExceptionPolicyEntry.cs:line 91
   at Microsoft.Practices.EnterpriseLibrary.ExceptionHandling.ExceptionPolicyImpl.HandleException(Exception exceptionToHandle) in e:\Builds\EntLib\Latest\Source\Blocks\ExceptionHandling\Src\ExceptionHandling\ExceptionPolicyImpl.cs:line 84
   at smART.Common.PolicyHandler.Handle(String policyName, Exception& ex) in d:\Rsmart\Rsmart-SY-Project\smART.Common\Exception\ExceptionHandlers\ExceptionPolicyHandler.cs:line 75
   at smART.Common.ExceptionHandler.HandleException(Exception& ex, TraceEventType severity, String message, String policyName) in d:\Rsmart\Rsmart-SY-Project\smART.Common\Exception\ExceptionHandlers\OldExceptionHandler.cs:line 26
   at smART.Library.LibraryExceptionHandler.HandleException(Exception& ex, TraceEventType severity, String message) in d:\Rsmart\Rsmart-SY-Project\smART.MVC.Library\Exception\LibraryExceptionHandler.cs:line 27
   at smART.Library.GenericLibrary`2.GetSingleByCriteria(Expression`1 predicate, String[] includePredicate) in d:\Rsmart\Rsmart-SY-Project\smART.MVC.Library\GenericLibrary.cs:line 443
   at smART.Library.GenericLibrary`2.GetByID(String id, String[] includePredicate) in d:\Rsmart\Rsmart-SY-Project\smART.MVC.Library\GenericLibrary.cs:line 339
Method Name: GetByID
Line No.: 339

Category  : Library

Priority  : 3

Severity  : Error


----------------------------------------
